2023-09-28 17:09:09,762 - INFO - Connected to database postgresql://postgres:********@localhost/otp
2023-09-28 17:16:01,164 - INFO - Disconnected from database postgresql://postgres:********@localhost/otp
2023-09-28 17:16:05,848 - INFO - Connected to database postgresql://postgres:********@localhost/otp
2023-09-28 17:21:06,213 - ERROR - Anomali terdeteksi
2023-09-28 17:25:29,080 - ERROR - Anomali terdeteksi
2023-09-28 17:31:56,068 - ERROR - Anomali terdeteksi
2023-09-28 21:09:31,935 - INFO - Disconnected from database postgresql://postgres:********@localhost/otp
2023-09-28 21:28:53,327 - INFO - Connected to database postgresql://postgres:********@localhost/otp
2023-09-28 23:34:17,991 - INFO - Disconnected from database postgresql://postgres:********@localhost/otp
2023-09-28 23:34:23,020 - INFO - Connected to database postgresql://postgres:********@localhost/otp
2023-09-28 23:37:06,272 - INFO - Disconnected from database postgresql://postgres:********@localhost/otp
2023-09-29 07:14:10,140 - INFO - Connected to database postgresql://postgres:********@localhost/otp
2023-09-29 07:15:03,854 - INFO - Disconnected from database postgresql://postgres:********@localhost/otp
2023-09-29 07:15:08,304 - INFO - Connected to database postgresql://postgres:********@localhost/otp
2023-09-29 07:22:16,930 - INFO - Disconnected from database postgresql://postgres:********@localhost/otp
2023-09-29 07:22:20,866 - INFO - Connected to database postgresql://postgres:********@localhost/otp
2023-09-29 07:22:43,705 - INFO - Disconnected from database postgresql://postgres:********@localhost/otp
2023-09-29 07:22:47,904 - INFO - Connected to database postgresql://postgres:********@localhost/otp
2023-09-29 07:23:04,701 - INFO - Disconnected from database postgresql://postgres:********@localhost/otp
2023-09-29 07:23:09,015 - INFO - Connected to database postgresql://postgres:********@localhost/otp
2023-09-29 07:24:16,560 - INFO - Disconnected from database postgresql://postgres:********@localhost/otp
2023-09-29 07:24:21,420 - INFO - Connected to database postgresql://postgres:********@localhost/otp
2023-09-29 07:25:03,430 - INFO - Disconnected from database postgresql://postgres:********@localhost/otp
2023-09-29 07:25:08,432 - INFO - Connected to database postgresql://postgres:********@localhost/otp
2023-09-29 08:03:27,057 - INFO - Disconnected from database postgresql://postgres:********@localhost/otp
2023-10-04 07:09:56,294 - INFO - Connected to database postgresql://postgres:********@localhost/otp
2023-10-04 07:13:27,459 - INFO - Disconnected from database postgresql://postgres:********@localhost/otp
2023-10-04 07:13:35,877 - INFO - Connected to database postgresql://postgres:********@localhost/otp
2023-10-04 07:14:25,259 - INFO - Disconnected from database postgresql://postgres:********@localhost/otp
2023-10-04 07:14:28,899 - INFO - Connected to database postgresql://postgres:********@localhost/otp
2023-10-04 07:18:46,337 - INFO - Disconnected from database postgresql://postgres:********@localhost/otp
2023-10-04 07:18:50,633 - INFO - Connected to database postgresql://postgres:********@localhost/otp
2023-10-04 07:23:29,216 - INFO - Disconnected from database postgresql://postgres:********@localhost/otp
2023-10-04 07:23:33,245 - INFO - Connected to database postgresql://postgres:********@localhost/otp
2023-10-04 07:24:34,109 - INFO - Disconnected from database postgresql://postgres:********@localhost/otp
2023-10-04 07:24:43,215 - INFO - Connected to database postgresql://postgres:********@localhost/otp
2023-10-04 07:31:31,081 - INFO - Disconnected from database postgresql://postgres:********@localhost/otp
2023-10-04 07:31:34,734 - INFO - Connected to database postgresql://postgres:********@localhost/otp
2023-10-04 07:42:04,131 - INFO - Disconnected from database postgresql://postgres:********@localhost/otp
2023-10-04 07:42:08,767 - INFO - Connected to database postgresql://postgres:********@localhost/otp
2023-10-04 07:42:43,624 - INFO - Disconnected from database postgresql://postgres:********@localhost/otp
2023-10-04 07:42:47,410 - INFO - Connected to database postgresql://postgres:********@localhost/otp
2023-10-04 07:51:31,223 - INFO - Disconnected from database postgresql://postgres:********@localhost/otp
2023-10-04 07:51:36,318 - INFO - Connected to database postgresql://postgres:********@localhost/otp
2023-10-04 07:54:55,686 - INFO - Disconnected from database postgresql://postgres:********@localhost/otp
2023-10-04 07:55:00,486 - INFO - Connected to database postgresql://postgres:********@localhost/otp
2023-10-04 07:55:06,028 - INFO - Disconnected from database postgresql://postgres:********@localhost/otp
2023-10-04 07:55:11,180 - INFO - Connected to database postgresql://postgres:********@localhost/otp
2023-10-04 07:55:46,880 - INFO - Disconnected from database postgresql://postgres:********@localhost/otp
2023-10-04 07:55:55,688 - INFO - Connected to database postgresql://postgres:********@localhost/otp
2023-10-04 07:57:55,508 - INFO - Disconnected from database postgresql://postgres:********@localhost/otp
2023-10-04 07:57:59,821 - INFO - Connected to database postgresql://postgres:********@localhost/otp
2023-10-04 07:59:04,951 - INFO - Disconnected from database postgresql://postgres:********@localhost/otp
2023-10-04 07:59:10,212 - INFO - Connected to database postgresql://postgres:********@localhost/otp
2023-10-04 07:59:14,701 - INFO - Disconnected from database postgresql://postgres:********@localhost/otp
2023-10-04 07:59:19,573 - INFO - Connected to database postgresql://postgres:********@localhost/otp
2023-10-04 08:00:55,330 - INFO - Disconnected from database postgresql://postgres:********@localhost/otp
2023-10-04 08:00:59,641 - INFO - Connected to database postgresql://postgres:********@localhost/otp
2023-10-04 08:01:48,100 - INFO - Disconnected from database postgresql://postgres:********@localhost/otp
2023-10-04 08:01:53,295 - INFO - Connected to database postgresql://postgres:********@localhost/otp
2023-10-04 08:06:02,629 - INFO - Disconnected from database postgresql://postgres:********@localhost/otp
2023-10-04 08:06:06,806 - INFO - Connected to database postgresql://postgres:********@localhost/otp
2023-10-04 08:09:14,670 - INFO - Disconnected from database postgresql://postgres:********@localhost/otp
2023-10-04 08:11:20,769 - INFO - Connected to database postgresql://postgres:********@localhost/otp
2023-10-04 08:11:50,442 - INFO - Disconnected from database postgresql://postgres:********@localhost/otp
2023-10-04 08:11:55,284 - INFO - Connected to database postgresql://postgres:********@localhost/otp
2023-10-05 18:56:21,176 - INFO - Connected to database postgresql://postgres:********@localhost/otp
2023-10-05 19:31:52,457 - INFO - Disconnected from database postgresql://postgres:********@localhost/otp
2023-10-05 19:31:59,101 - INFO - Connected to database postgresql://postgres:********@localhost/otp
2023-10-06 06:41:55,367 - INFO - Disconnected from database postgresql://postgres:********@localhost/otp
2023-10-10 07:44:08,328 - INFO - Connected to database postgresql://postgres:********@localhost/otp
2023-10-10 07:55:57,462 - INFO - Disconnected from database postgresql://postgres:********@localhost/otp
2023-10-10 07:56:02,843 - INFO - Connected to database postgresql://postgres:********@localhost/otp
2023-10-10 08:35:54,365 - INFO - Disconnected from database postgresql://postgres:********@localhost/otp
2023-10-11 11:33:26,459 - INFO - Connected to database postgresql://postgres:********@localhost/otp
2023-10-11 11:35:25,302 - INFO - Disconnected from database postgresql://postgres:********@localhost/otp
2023-10-11 11:35:29,795 - INFO - Connected to database postgresql://postgres:********@localhost/otp
2023-10-11 11:37:45,372 - INFO - Disconnected from database postgresql://postgres:********@localhost/otp
2023-10-11 11:37:49,806 - INFO - Connected to database postgresql://postgres:********@localhost/otp
2023-10-11 11:41:07,024 - INFO - Disconnected from database postgresql://postgres:********@localhost/otp
2023-10-11 11:41:10,856 - INFO - Connected to database postgresql://postgres:********@localhost/otp
2023-10-11 11:41:52,416 - INFO - Disconnected from database postgresql://postgres:********@localhost/otp
2023-10-11 11:41:56,597 - INFO - Connected to database postgresql://postgres:********@localhost/otp
2023-10-11 11:43:28,109 - INFO - Disconnected from database postgresql://postgres:********@localhost/otp
2023-10-11 11:43:32,016 - INFO - Connected to database postgresql://postgres:********@localhost/otp
2023-10-11 11:50:21,067 - INFO - Disconnected from database postgresql://postgres:********@localhost/otp
2023-10-11 11:50:24,805 - INFO - Connected to database postgresql://postgres:********@localhost/otp
2023-10-11 11:51:16,080 - INFO - Disconnected from database postgresql://postgres:********@localhost/otp
2023-10-11 11:51:19,817 - INFO - Connected to database postgresql://postgres:********@localhost/otp
2023-10-11 11:51:41,160 - INFO - Disconnected from database postgresql://postgres:********@localhost/otp
2023-10-11 11:51:45,114 - INFO - Connected to database postgresql://postgres:********@localhost/otp
2023-10-11 11:53:10,877 - INFO - Disconnected from database postgresql://postgres:********@localhost/otp
2023-10-11 11:53:14,654 - INFO - Connected to database postgresql://postgres:********@localhost/otp
2023-10-11 12:07:57,096 - INFO - Disconnected from database postgresql://postgres:********@localhost/otp
2023-10-11 12:08:01,547 - INFO - Connected to database postgresql://postgres:********@localhost/otp
2023-10-11 12:14:01,566 - INFO - Connected to database postgresql://postgres:********@localhost/otp
2023-10-11 12:20:25,879 - INFO - Disconnected from database postgresql://postgres:********@localhost/otp
2023-10-11 12:20:30,005 - INFO - Connected to database postgresql://postgres:********@localhost/otp
2023-10-11 12:20:35,441 - INFO - Disconnected from database postgresql://postgres:********@localhost/otp
2023-10-11 12:20:40,454 - INFO - Connected to database postgresql://postgres:********@localhost/otp
2023-10-11 12:30:01,019 - INFO - Disconnected from database postgresql://postgres:********@localhost/otp
2023-10-11 12:30:09,097 - INFO - Connected to database postgresql://postgres:********@localhost/otp
2023-10-11 12:32:30,874 - INFO - Disconnected from database postgresql://postgres:********@localhost/otp
2023-10-11 12:32:34,518 - INFO - Connected to database postgresql://postgres:********@localhost/otp
2023-10-11 13:09:42,144 - INFO - Disconnected from database postgresql://postgres:********@localhost/otp
2023-10-11 13:49:13,393 - INFO - Connected to database mysql://anvarisy_anvarisy:********@joy.jagoanhosting.com:3306/anvarisy_otp
2023-10-11 14:53:20,653 - INFO - Disconnected from database mysql://anvarisy_anvarisy:********@joy.jagoanhosting.com:3306/anvarisy_otp
2023-10-11 22:46:44,855 - INFO - Connected to database mysql://anvarisy_anvarisy:********@joy.jagoanhosting.com:3306/anvarisy_otp
2023-10-11 23:02:54,544 - INFO - Disconnected from database mysql://anvarisy_anvarisy:********@joy.jagoanhosting.com:3306/anvarisy_otp
2023-10-11 23:02:59,945 - INFO - Connected to database mysql://anvarisy_anvarisy:********@joy.jagoanhosting.com:3306/anvarisy_otp
2023-10-11 23:03:34,088 - INFO - Disconnected from database mysql://anvarisy_anvarisy:********@joy.jagoanhosting.com:3306/anvarisy_otp
2023-10-11 23:03:43,035 - INFO - Connected to database mysql://anvarisy_anvarisy:********@joy.jagoanhosting.com:3306/anvarisy_otp
2023-10-11 23:04:27,699 - INFO - Disconnected from database mysql://anvarisy_anvarisy:********@joy.jagoanhosting.com:3306/anvarisy_otp
2023-10-11 23:04:32,392 - INFO - Connected to database mysql://anvarisy_anvarisy:********@joy.jagoanhosting.com:3306/anvarisy_otp
2023-10-11 23:04:45,458 - INFO - Disconnected from database mysql://anvarisy_anvarisy:********@joy.jagoanhosting.com:3306/anvarisy_otp
2023-10-11 23:04:49,959 - INFO - Connected to database mysql://anvarisy_anvarisy:********@joy.jagoanhosting.com:3306/anvarisy_otp
2023-10-11 23:05:23,820 - INFO - Disconnected from database mysql://anvarisy_anvarisy:********@joy.jagoanhosting.com:3306/anvarisy_otp
2023-10-11 23:05:28,537 - INFO - Connected to database mysql://anvarisy_anvarisy:********@joy.jagoanhosting.com:3306/anvarisy_otp
2023-10-11 23:39:49,481 - INFO - Disconnected from database mysql://anvarisy_anvarisy:********@joy.jagoanhosting.com:3306/anvarisy_otp
2023-10-12 05:33:19,232 - INFO - 5 changes detected
2023-10-12 05:33:29,932 - INFO - Connected to database mysql://anvarisy_anvarisy:********@joy.jagoanhosting.com:3306/anvarisy_otp
2023-10-12 05:33:36,098 - INFO - Disconnected from database mysql://anvarisy_anvarisy:********@joy.jagoanhosting.com:3306/anvarisy_otp
2023-10-12 14:25:03,593 - INFO - Connected to database mysql://anvarisy_anvarisy:********@joy.jagoanhosting.com:3306/anvarisy_otp
2023-10-12 14:30:52,176 - INFO - Disconnected from database mysql://anvarisy_anvarisy:********@joy.jagoanhosting.com:3306/anvarisy_otp
2023-10-12 14:46:13,575 - INFO - Connected to database mysql://anvarisy_anvarisy:********@joy.jagoanhosting.com:3306/anvarisy_otp
2023-10-12 15:21:06,888 - INFO - Disconnected from database mysql://anvarisy_anvarisy:********@joy.jagoanhosting.com:3306/anvarisy_otp
2023-10-12 15:21:13,633 - INFO - Connected to database mysql://anvarisy_anvarisy:********@joy.jagoanhosting.com:3306/anvarisy_otp
2023-10-12 15:24:45,384 - INFO - Disconnected from database mysql://anvarisy_anvarisy:********@joy.jagoanhosting.com:3306/anvarisy_otp
2023-10-12 15:24:50,861 - INFO - Connected to database mysql://anvarisy_anvarisy:********@joy.jagoanhosting.com:3306/anvarisy_otp
2023-10-12 15:29:12,738 - INFO - Disconnected from database mysql://anvarisy_anvarisy:********@joy.jagoanhosting.com:3306/anvarisy_otp
2023-10-12 15:29:17,531 - INFO - Connected to database mysql://anvarisy_anvarisy:********@joy.jagoanhosting.com:3306/anvarisy_otp
2023-10-12 15:31:16,076 - INFO - Disconnected from database mysql://anvarisy_anvarisy:********@joy.jagoanhosting.com:3306/anvarisy_otp
2023-10-12 15:31:19,805 - INFO - Connected to database mysql://anvarisy_anvarisy:********@joy.jagoanhosting.com:3306/anvarisy_otp
